<?xml version="1.0" encoding="UTF-8"?>
<testng-results ignored="0" total="1" passed="1" failed="0" skipped="0">
  <reporter-output>
  </reporter-output>
  <suite started-at="2026-01-20T01:07:13 CST" name="Default suite" finished-at="2026-01-20T01:07:20 CST" duration-ms="7490">
    <groups>
    </groups>
    <test started-at="2026-01-20T01:07:13 CST" name="Default test" finished-at="2026-01-20T01:07:20 CST" duration-ms="7490">
      <class name="com.darahasa.tests.GoogleSearchTest">
        <test-method is-config="true" signature="setup()[pri:0, instance:com.darahasa.tests.GoogleSearchTest@4afcd809]" started-at="2026-01-20T01:07:13 CST" name="setup" finished-at="2026-01-20T01:07:14 CST" duration-ms="1341" status="PASS">
          <reporter-output>
          </reporter-output>
        </test-method> <!-- setup -->
        <test-method signature="verifyGoogleSearchWorks()[pri:0, instance:com.darahasa.tests.GoogleSearchTest@4afcd809]" started-at="2026-01-20T01:07:14 CST" name="verifyGoogleSearchWorks" finished-at="2026-01-20T01:07:18 CST" duration-ms="4182" status="PASS">
          <reporter-output>
          </reporter-output>
        </test-method> <!-- verifyGoogleSearchWorks -->
        <test-method is-config="true" signature="tearDown()[pri:0, instance:com.darahasa.tests.GoogleSearchTest@4afcd809]" started-at="2026-01-20T01:07:18 CST" name="tearDown" finished-at="2026-01-20T01:07:20 CST" duration-ms="1926" status="PASS">
          <reporter-output>
          </reporter-output>
        </test-method> <!-- tearDown -->
      </class> <!-- com.darahasa.tests.GoogleSearchTest -->
    </test> <!-- Default test -->
  </suite> <!-- Default suite -->
</testng-results>
